<?xml version="1.0" encoding="UTF-8"?>
<!-- Generated by org.testng.reporters.JUnitXMLReporter -->
<testsuite ignored="6" hostname="DESKTOP-R0BA6EH" failures="0" tests="4" name="Test" time="10.902" errors="0" timestamp="2025-12-12T11:53:05 IST">
  <testcase classname="testpkg.LoginTest" name="login" time="3.556"/>
  <testcase classname="testpkg.HomeTest" name="homepagetest" time="0.441"/>
  <testcase classname="testpkg.CartTest" name="carttest" time="0.531"/>
  <testcase classname="testpkg.CheckoutTest" name="checkouttest" time="2.018"/>
  <testcase classname="basepkg.BaseClass" name="@AfterTest aftertest" time="0.0">
    <ignored/>
  </testcase> <!-- @AfterTest aftertest -->
  <testcase classname="basepkg.BaseClass" name="@BeforeTest setup" time="0.0">
    <ignored/>
  </testcase> <!-- @BeforeTest setup -->
  <testcase classname="basepkg.BaseClass" name="@BeforeTest setup" time="0.0">
    <ignored/>
  </testcase> <!-- @BeforeTest setup -->
  <testcase classname="basepkg.BaseClass" name="@AfterTest aftertest" time="0.0">
    <ignored/>
  </testcase> <!-- @AfterTest aftertest -->
  <testcase classname="basepkg.BaseClass" name="@AfterTest aftertest" time="0.0">
    <ignored/>
  </testcase> <!-- @AfterTest aftertest -->
  <testcase classname="basepkg.BaseClass" name="@BeforeTest setup" time="0.0">
    <ignored/>
  </testcase> <!-- @BeforeTest setup -->
</testsuite> <!-- Test -->
